Arguments: 
  /usr/local/bin/node /usr/local/Cellar/yarn/1.6.0/libexec/bin/yarn.js global bin

PATH: 
  /Library/Frameworks/Python.framework/Versions/3.9/bin:/Library/Frameworks/Python.framework/Versions/3.6/bin:/usr/local/bin:/usr/bin:/bin:/usr/sbin:/sbin:/Applications/VMware Fusion.app/Contents/Public:/usr/local/share/dotnet:/opt/X11/bin:~/.dotnet/tools:/Library/Apple/usr/bin:/Library/Frameworks/Mono.framework/Versions/Current/Commands:/Library/Frameworks/Python.framework/Versions/3.9/bin:/Library/Frameworks/Python.framework/Versions/3.6/bin:/Users/jaap/.android-sdk-macosx/platform-tools/:/Users/jaap/Code/go/bin:info Visit https://yarnpkg.com/en/docs/cli/global for documentation about this command.:/Users/jaap/.android-sdk-macosx/platform-tools/:/Users/jaap/Code/go/bin

Yarn version: 
  1.6.0

Node version: 
  19.6.1

Platform: 
  darwin x64

Trace: 
  SyntaxError: Invalid value type 7:0 in /Users/jaap/.yarnrc
      at Parser.unexpected (/usr/local/Cellar/yarn/1.6.0/libexec/lib/cli.js:62287:11)
      at Parser.parse (/usr/local/Cellar/yarn/1.6.0/libexec/lib/cli.js:62415:16)
      at parse (/usr/local/Cellar/yarn/1.6.0/libexec/lib/cli.js:62489:17)
      at module.exports.exports.default (/usr/local/Cellar/yarn/1.6.0/libexec/lib/cli.js:62053:96)
      at YarnRegistry.<anonymous> (/usr/local/Cellar/yarn/1.6.0/libexec/lib/cli.js:92745:64)
      at Generator.next (<anonymous>)
      at step (/usr/local/Cellar/yarn/1.6.0/libexec/lib/cli.js:98:30)
      at /usr/local/Cellar/yarn/1.6.0/libexec/lib/cli.js:109:13

npm manifest: 
  {
    "name": "weatherappnative",
    "main": "expo-router/entry",
    "version": "1.0.0",
    "scripts": {
      "start": "expo start",
      "reset-project": "node ./scripts/reset-project.js",
      "android": "expo run:android",
      "ios": "expo run:ios",
      "web": "expo start --web",
      "test": "jest --watchAll",
      "lint": "expo lint"
    },
    "jest": {
      "preset": "jest-expo"
    },
    "dependencies": {
      "@expo/vector-icons": "^14.0.0",
      "@react-navigation/native": "^6.0.2",
      "@types/react-native-i18n": "^2.0.2",
      "expo": "~51.0.9",
      "expo-constants": "~16.0.2",
      "expo-font": "~12.0.6",
      "expo-linking": "~6.3.1",
      "expo-router": "~3.5.14",
      "expo-splash-screen": "~0.27.4",
      "expo-status-bar": "~1.12.1",
      "expo-system-ui": "~3.0.4",
      "expo-web-browser": "~13.0.3",
      "i18n": "^0.15.1",
      "react": "18.2.0",
      "react-dom": "18.2.0",
      "react-i18next": "^14.1.2",
      "react-intl": "^6.6.8",
      "react-native": "0.74.1",
      "react-native-gesture-handler": "~2.16.1",
      "react-native-i18n": "^2.0.15",
      "react-native-reanimated": "~3.10.1",
      "react-native-safe-area-context": "4.10.1",
      "react-native-screens": "3.31.1",
      "react-native-web": "~0.19.10",
      "zustand": "^4.5.2"
    },
    "devDependencies": {
      "@babel/core": "^7.20.0",
      "@types/jest": "^29.5.12",
      "@types/react": "~18.2.45",
      "@types/react-test-renderer": "^18.0.7",
      "jest": "^29.2.1",
      "jest-expo": "~51.0.1",
      "react-test-renderer": "18.2.0",
      "typescript": "~5.3.3"
    },
    "private": true
  }

yarn manifest: 
  No manifest

Lockfile: 
  No lockfile
